<?xml version="1.0" encoding="UTF-8"?>
<!-- Generated by org.testng.reporters.JUnitReportReporter -->
<testsuite hostname="Nawaz-PC" failures="0" tests="1" name="istanbul.Testscripts.Likefb" time="22.175" errors="0" timestamp="12 Feb 2021 07:20:19 GMT" skipped="0">
  <testcase classname="istanbul.Testscripts.Likefb" name="tc2" time="22.175"/>
</testsuite> <!-- istanbul.Testscripts.Likefb -->
