<?xml version="1.0" encoding="UTF-8"?>
<!-- Generated by org.testng.reporters.JUnitReportReporter -->
<testsuite hostname="Nawaz-PC" failures="0" tests="1" name="istanbul.Testscripts.Addingtocart" time="29.398" errors="0" timestamp="10 Feb 2021 16:30:57 GMT" skipped="0">
  <testcase classname="istanbul.Testscripts.Addingtocart" name="tc1" time="29.398"/>
</testsuite> <!-- istanbul.Testscripts.Addingtocart -->
