<?xml version="1.0" encoding="UTF-8"?>
<!-- Generated by org.testng.reporters.JUnitReportReporter -->
<testsuite hostname="Nawaz-PC" failures="0" tests="1" name="istanbul.Testscripts.PayAmount" time="25.240" errors="0" timestamp="12 Feb 2021 13:30:07 GMT" skipped="0">
  <testcase classname="istanbul.Testscripts.PayAmount" name="tc3" time="25.240"/>
</testsuite> <!-- istanbul.Testscripts.PayAmount -->
